<?xml version="1.0" encoding="UTF-8"?>
<!-- Generated by org.testng.reporters.JUnitReportReporter -->
<testsuite hostname="USER-PC" failures="0" tests="5" name="Test.ng1" time="0.066" errors="0" timestamp="2021-03-09T14:57:31 IST" skipped="0">
  <testcase classname="Test.ng1" name="e_method" time="0.009"/>
  <system-out/>
  <testcase classname="Test.ng1" name="c_method" time="0.017"/>
  <system-out/>
  <testcase classname="Test.ng1" name="b_method" time="0.021"/>
  <system-out/>
  <testcase classname="Test.ng1" name="d_method" time="0.009"/>
  <system-out/>
  <testcase classname="Test.ng1" name="a_method" time="0.010"/>
  <system-out/>
</testsuite> <!-- Test.ng1 -->
