<?xml version="1.0" encoding="UTF-8"?>
<!-- Generated by org.testng.reporters.JUnitReportReporter -->
<testsuite hostname="USER-PC" failures="0" tests="2" name="Test.TestNG3" time="6.604" errors="0" timestamp="2021-03-08T15:09:38 IST" skipped="0">
  <testcase classname="Test.TestNG3" name="register" time="3.713"/>
  <system-out/>
  <testcase classname="Test.TestNG3" name="support" time="2.891"/>
  <system-out/>
</testsuite> <!-- Test.TestNG3 -->
