<?xml version="1.0" encoding="UTF-8"?>
<!-- Generated by org.testng.reporters.JUnitReportReporter -->
<testsuite hostname="USER-PC" failures="0" tests="1" name="pages.TestGuru99Login" time="0.571" errors="0" timestamp="2021-03-20T18:56:15 IST" skipped="0">
  <testcase classname="pages.TestGuru99Login" name="test_Home_Page_Appear_Correct" time="0.571"/>
  <system-out/>
</testsuite> <!-- pages.TestGuru99Login -->
